[debug] [2022-08-03T07:49:17.789Z] ----------------------------------------------------------------------
[debug] [2022-08-03T07:49:17.793Z] Command:       D:\software\nodejs\node.exe C:\Users\preethi\AppData\Roaming\npm\node_modules\firebase-tools\lib\bin\firebase.js deploy
[debug] [2022-08-03T07:49:17.794Z] CLI Version:   11.4.2
[debug] [2022-08-03T07:49:17.794Z] Platform:      win32
[debug] [2022-08-03T07:49:17.794Z] Node Version:  v16.16.0
[debug] [2022-08-03T07:49:17.796Z] Time:          Wed Aug 03 2022 13:19:17 GMT+0530 (India Standard Time)
[debug] [2022-08-03T07:49:17.797Z] ----------------------------------------------------------------------
[debug] 
[debug] [2022-08-03T07:49:17.882Z] > command requires scopes: ["email","openid","https://www.googleapis.com/auth/cloudplatformprojects.readonly","https://www.googleapis.com/auth/firebase","https://www.googleapis.com/auth/cloud-platform"]
[debug] [2022-08-03T07:49:17.883Z] > authorizing via signed-in user (mpreethi20021@gmail.com)
[debug] [2022-08-03T07:49:17.883Z] [iam] checking project blood2-b187c for permissions ["firebase.projects.get","firebasehosting.sites.update"]
[debug] [2022-08-03T07:49:17.886Z] >>> [apiv2][query] POST https://cloudresourcemanager.googleapis.com/v1/projects/blood2-b187c:testIamPermissions [none]
[debug] [2022-08-03T07:49:17.886Z] >>> [apiv2][(partial)header] POST https://cloudresourcemanager.googleapis.com/v1/projects/blood2-b187c:testIamPermissions x-goog-quota-user=projects/blood2-b187c
[debug] [2022-08-03T07:49:17.887Z] >>> [apiv2][body] POST https://cloudresourcemanager.googleapis.com/v1/projects/blood2-b187c:testIamPermissions {"permissions":["firebase.projects.get","firebasehosting.sites.update"]}
[debug] [2022-08-03T07:49:19.212Z] <<< [apiv2][status] POST https://cloudresourcemanager.googleapis.com/v1/projects/blood2-b187c:testIamPermissions 200
[debug] [2022-08-03T07:49:19.212Z] <<< [apiv2][body] POST https://cloudresourcemanager.googleapis.com/v1/projects/blood2-b187c:testIamPermissions {"permissions":["firebase.projects.get","firebasehosting.sites.update"]}
[debug] [2022-08-03T07:49:19.214Z] >>> [apiv2][query] GET https://firebase.googleapis.com/v1beta1/projects/blood2-b187c [none]
[debug] [2022-08-03T07:49:19.604Z] <<< [apiv2][status] GET https://firebase.googleapis.com/v1beta1/projects/blood2-b187c 200
[debug] [2022-08-03T07:49:19.605Z] <<< [apiv2][body] GET https://firebase.googleapis.com/v1beta1/projects/blood2-b187c {"projectId":"blood2-b187c","projectNumber":"282084078348","displayName":"blood2","name":"projects/blood2-b187c","resources":{"hostingSite":"blood2-b187c","realtimeDatabaseInstance":"blood2-b187c-default-rtdb","storageBucket":"blood2-b187c.appspot.com","locationId":"us-central"},"state":"ACTIVE","etag":"1_53d0bb77-be5b-43db-98a8-d967bfb57e3b"}
[info] 
[info] === Deploying to 'blood2-b187c'...
[info] 
[info] i  deploying hosting 
[debug] [2022-08-03T07:49:19.610Z] >>> [apiv2][query] GET https://firebase.googleapis.com/v1beta1/projects/blood2-b187c [none]
[debug] [2022-08-03T07:49:20.040Z] <<< [apiv2][status] GET https://firebase.googleapis.com/v1beta1/projects/blood2-b187c 200
[debug] [2022-08-03T07:49:20.040Z] <<< [apiv2][body] GET https://firebase.googleapis.com/v1beta1/projects/blood2-b187c {"projectId":"blood2-b187c","projectNumber":"282084078348","displayName":"blood2","name":"projects/blood2-b187c","resources":{"hostingSite":"blood2-b187c","realtimeDatabaseInstance":"blood2-b187c-default-rtdb","storageBucket":"blood2-b187c.appspot.com","locationId":"us-central"},"state":"ACTIVE","etag":"1_53d0bb77-be5b-43db-98a8-d967bfb57e3b"}
[debug] [2022-08-03T07:49:20.043Z] >>> [apiv2][query] POST https://firebasehosting.googleapis.com/v1beta1/projects/282084078348/sites/blood2-b187c/versions [none]
[debug] [2022-08-03T07:49:20.043Z] >>> [apiv2][body] POST https://firebasehosting.googleapis.com/v1beta1/projects/282084078348/sites/blood2-b187c/versions {"config":{},"labels":{"deployment-tool":"cli-firebase"}}
[debug] [2022-08-03T07:49:21.950Z] <<< [apiv2][status] POST https://firebasehosting.googleapis.com/v1beta1/projects/282084078348/sites/blood2-b187c/versions 200
[debug] [2022-08-03T07:49:21.950Z] <<< [apiv2][body] POST https://firebasehosting.googleapis.com/v1beta1/projects/282084078348/sites/blood2-b187c/versions {"name":"projects/282084078348/sites/blood2-b187c/versions/a74ede1bcd1441f0","status":"CREATED","config":{},"labels":{"deployment-tool":"cli-firebase"}}
[info] i  hosting[blood2-b187c]: beginning deploy... 
[info] i  hosting[blood2-b187c]: found 80 files in public 
[debug] [2022-08-03T07:49:22.013Z] [hosting] uploading with 200 concurrency
[debug] [2022-08-03T07:49:22.031Z] [hosting] hash cache [cHVibGlj] stored for 80 files
[debug] [2022-08-03T07:49:22.032Z] [hosting][hash queue][FINAL] {"max":6,"min":0,"avg":0.844418158227865,"active":0,"complete":80,"success":80,"errored":0,"retried":0,"total":80,"elapsed":16}
[debug] [2022-08-03T07:49:22.033Z] >>> [apiv2][query] POST https://firebasehosting.googleapis.com/v1beta1/projects/282084078348/sites/blood2-b187c/versions/a74ede1bcd1441f0:populateFiles [none]
[debug] [2022-08-03T07:49:22.033Z] >>> [apiv2][body] POST https://firebasehosting.googleapis.com/v1beta1/projects/282084078348/sites/blood2-b187c/versions/a74ede1bcd1441f0:populateFiles {"files":{"/404.html":"daa499dd96d8229e73235345702ba32f0793f0c8e5c0d30e40e37a5872be57aa","/index.html":"56ca4d69b7f8021c64d940625f649e8f57aac6913e4cf11afacbfa1499d42145","/css/animated-headlines.css":"d10df258bc552ff8d20e0009a2d42fe3311817d7b55c5eccbead3c8d98b63f51","/css/base.css":"be153ea845570e6936a188bd4dd64432850fd75486d11b8a67a2692c70c41e32","/css/magnific.css":"9be011c3cf0c08d30b8a813dab05428d0a1871dadf85aeeffb4cbf4faacdf3b6","/css/style.css":"7757076fd8e3bacaa4fcd6e31dd2794d4edd971cc29d8d498e545b29773cd8d3","/img/Safeimagekit-resized-imgpng (3).png":"058d78e0f7dce454ed1163e2052e3d299ad1b2cf828677c7f35f80d3111ace6e","/img/sound.png":"80c7e220bb9cd6aead85557060c40402a0d51ad2931ab74774fa3c3c6947194d","/img/about/1.jpg":"00e3e6fd75f66877fbe76236a8c7b486f6bc9cf195b6346cd10180b90e126442","/img/blog/1.jpg":"00e3e6fd75f66877fbe76236a8c7b486f6bc9cf195b6346cd10180b90e126442","/img/blog/2.jpg":"00e3e6fd75f66877fbe76236a8c7b486f6bc9cf195b6346cd10180b90e126442","/img/blog/3.jpg":"00e3e6fd75f66877fbe76236a8c7b486f6bc9cf195b6346cd10180b90e126442","/img/blog/4.jpg":"00e3e6fd75f66877fbe76236a8c7b486f6bc9cf195b6346cd10180b90e126442","/img/blog/5.jpg":"00e3e6fd75f66877fbe76236a8c7b486f6bc9cf195b6346cd10180b90e126442","/img/blog/6.jpg":"00e3e6fd75f66877fbe76236a8c7b486f6bc9cf195b6346cd10180b90e126442","/img/blog/7.jpg":"00e3e6fd75f66877fbe76236a8c7b486f6bc9cf195b6346cd10180b90e126442","/img/blog/8.jpg":"00e3e6fd75f66877fbe76236a8c7b486f6bc9cf195b6346cd10180b90e126442","/img/blog/tip.png":"9b4861f7250d79841302da7c67b46737ea20d0c57ec337888786adc7525375d0","/img/clients/1.png":"910c6d9d3e835e37a0e05602cba92aa8763ac14ff2ebd1bfbc331f983b4633da","/img/clients/11.jpg":"9e6b606abd0a99dd88202e876773e5141fcb9ec323843972ee241071a6d65ba6","/img/clients/2.png":"910c6d9d3e835e37a0e05602cba92aa8763ac14ff2ebd1bfbc331f983b4633da","/img/clients/22.jpg":"67db3508ab4571285627593fb664c014f6e76b3d5d6c6fc567b1c4cf6399b0a9","/img/clients/3.png":"910c6d9d3e835e37a0e05602cba92aa8763ac14ff2ebd1bfbc331f983b4633da","/img/clients/33.jpg":"9bb4f61e3a5aacdfb3c844b4f631ffb3bc937a26b586890d90b1994c35da88ad","/img/clients/4.png":"910c6d9d3e835e37a0e05602cba92aa8763ac14ff2ebd1bfbc331f983b4633da","/img/clients/5.png":"910c6d9d3e835e37a0e05602cba92aa8763ac14ff2ebd1bfbc331f983b4633da","/img/clients/6.png":"910c6d9d3e835e37a0e05602cba92aa8763ac14ff2ebd1bfbc331f983b4633da","/img/clients/7.png":"910c6d9d3e835e37a0e05602cba92aa8763ac14ff2ebd1bfbc331f983b4633da","/img/clients/8.png":"910c6d9d3e835e37a0e05602cba92aa8763ac14ff2ebd1bfbc331f983b4633da","/img/clients/yandex.png":"a1771c677e65cfbc6a62baf61dbedefb5e8118bea080310363abba8ff9373c51","/img/clients/light/1.png":"910c6d9d3e835e37a0e05602cba92aa8763ac14ff2ebd1bfbc331f983b4633da","/img/clients/light/2.png":"910c6d9d3e835e37a0e05602cba92aa8763ac14ff2ebd1bfbc331f983b4633da","/img/clients/light/3.png":"910c6d9d3e835e37a0e05602cba92aa8763ac14ff2ebd1bfbc331f983b4633da","/img/clients/light/4.png":"910c6d9d3e835e37a0e05602cba92aa8763ac14ff2ebd1bfbc331f983b4633da","/img/clients/light/5.png":"910c6d9d3e835e37a0e05602cba92aa8763ac14ff2ebd1bfbc331f983b4633da","/img/clients/light/6.png":"910c6d9d3e835e37a0e05602cba92aa8763ac14ff2ebd1bfbc331f983b4633da","/img/clients/light/7.png":"910c6d9d3e835e37a0e05602cba92aa8763ac14ff2ebd1bfbc331f983b4633da","/img/clients/light/8.png":"910c6d9d3e835e37a0e05602cba92aa8763ac14ff2ebd1bfbc331f983b4633da","/img/header/1.jpg":"00e3e6fd75f66877fbe76236a8c7b486f6bc9cf195b6346cd10180b90e126442","/img/header/pt.png":"f295b8e56bb773de740347dfe056c7600bc0886fbcbdcbd22a69a7a39c638894","/img/logo/logo.png":"064e49b3984cd2752f10b628f85c377ef5f707616a353964aef38a48b3a79d21","/img/portfolio/1.png":"f295b8e56bb773de740347dfe056c7600bc0886fbcbdcbd22a69a7a39c638894","/img/portfolio/2.jpg":"00e3e6fd75f66877fbe76236a8c7b486f6bc9cf195b6346cd10180b90e126442","/img/portfolio/3.jpg":"00e3e6fd75f66877fbe76236a8c7b486f6bc9cf195b6346cd10180b90e126442","/img/portfolio/4.jpg":"00e3e6fd75f66877fbe76236a8c7b486f6bc9cf195b6346cd10180b90e126442","/img/portfolio/5.jpg":"00e3e6fd75f66877fbe76236a8c7b486f6bc9cf195b6346cd10180b90e126442","/img/portfolio/6.jpg":"00e3e6fd75f66877fbe76236a8c7b486f6bc9cf195b6346cd10180b90e126442","/img/portfolio/sound.png":"80c7e220bb9cd6aead85557060c40402a0d51ad2931ab74774fa3c3c6947194d","/img/service/service1.jpg":"f677e0132ea771d3027f68ba1ac55ac8406931870e8b177fd59fb1e622f0c36b","/img/service/service2.jpg":"f677e0132ea771d3027f68ba1ac55ac8406931870e8b177fd59fb1e622f0c36b","/img/service/service3.jpg":"f677e0132ea771d3027f68ba1ac55ac8406931870e8b177fd59fb1e622f0c36b","/img/service/service4.jpg":"f677e0132ea771d3027f68ba1ac55ac8406931870e8b177fd59fb1e622f0c36b","/img/testimonials/1.png":"dd32170c0d1a152c72ee18b017468c9a4d11126c7ae0de2c0783e4d472c03e6e","/img/testimonials/2.png":"434e7b18a322d325656520462752d4a3f3d54d4986416f462c05e4a43f055945","/img/testimonials/3.png":"058d78e0f7dce454ed1163e2052e3d299ad1b2cf828677c7f35f80d3111ace6e","/img/testimonials/4.png":"b2c0614442d4e6f1d7ec3a16fa4c3c1fb18918ad6350e6be9faf2eb940ae1ef0","/img/thumb/4-2.jpg":"7dff892ef6959db1626603f089169cabf206c72ec97656b3c9aed3728a1ada95","/img/thumb/42-34.jpg":"8e4285a8bfbb48c87476d9ac1768b2a348298416cc5403e87e3379a78a0a78e0","/img/thumb/42-56.jpg":"b7b01d1acf9535c4d7356bf3073b5159d9dbf3d9151a6e33164d4144a0cac915","/img/thumb/550-300.jpg":"b2486d9113bc81ad1e17b007ec16a0e77fe79455a914da350043a623c279813b","/img/thumb/square.jpg":"8faea2073a270f8887db7aa000c33dd39977bfbed80c5f2c9359a826c9a1b587","/js/animated-headlines.js":"b13076cb62dd7a167947acb6eae36bc44a01e4529d20ad32aea837042b8fbd04","/js/ie8.js":"b094c64947e56eab8a038ffa4139edca98c701f9f03bf3b5bf4589b01c1b0051","/js/init.js":"dc162e657dc765ca224b95924fd0456a4d1a559641ce35d7dee65f0499c2b399","/js/isotope.js":"b04621478fa4b87ef2cf21f701c849bbac3870662ee28797a982888681bf5bf0","/js/jquery.js":"315845d15cc6d8850153e9d904cf4accd1f30b4e2dba34aac13934a4cc278418","/js/magnific.js":"519ae654c5ff6b4f6a4d3751f703ee3cdf3a5f31664663ee43ac15b4afaa4e86","/js/modernizr.custom.js":"a2208829fb28a2425856f660125e178596701c7a99343cdafbbe121442face50","/js/waypoints.js":"b3e65f1270587c2b4f6660f8e0a5b3d9f2b5404b0fcfa7c95ec7c9022801e795","/modal/contact.php":"2c29ac4be03d4f1b49e45975789bcb687ede889ed34c0b939d44e7838fa621d1","/svg/call.svg":"bb1499ad3ece301b68248e180beffef4f5016101f5db2e3f54cb502b29684d65","/svg/facebook-logo.svg":"3d02a73e79cf910cc996fc6e7d33fb5b4d51fcb6c5cbc95a92550fada78a9ebf","/svg/five-stars.svg":"c7b5fa10e43401b2ecf6dc81dfd9a06c9773dd9f4d0a884d8a315a648a9f9a7a","/svg/instagram.svg":"ea6115853da86cc1738836a3baee0850a1d4812431992391e7b3abd33f17abe6","/svg/location.svg":"2e8f65091cc52382dfd71e1129223d3e70e5dd19503e1c4714bdb8e87161dfb6","/svg/message.svg":"ff1d0341ca3f44d56dda5278756bf519c590301e5533d7325b1d2e7555d5f20c","/svg/pinterest.svg":"56f41b7458435a6aa3aa394248f2b314aa54e46a1409e205d361c8d5daeeb327","/svg/stick-man.svg":"f3d444c47839cdbc2c6aeb7e687573289aec656e8db5a34bed2b57e00e84dd49","/svg/twitter.svg":"ba432ae0ad01d5f408331b28020398199ecbd8a5308c3e64b6d2b4b0acdbc393","/svg/youtube.svg":"9289e2ab3ea2d4db43099b01e0512919eacc6b2f6b439251c9e34e48ca8699d0"}}
[debug] [2022-08-03T07:49:23.871Z] <<< [apiv2][status] POST https://firebasehosting.googleapis.com/v1beta1/projects/282084078348/sites/blood2-b187c/versions/a74ede1bcd1441f0:populateFiles 200
[debug] [2022-08-03T07:49:23.872Z] <<< [apiv2][body] POST https://firebasehosting.googleapis.com/v1beta1/projects/282084078348/sites/blood2-b187c/versions/a74ede1bcd1441f0:populateFiles {"uploadUrl":"https://upload-firebasehosting.googleapis.com/upload/sites/blood2-b187c/versions/a74ede1bcd1441f0/files"}
[debug] [2022-08-03T07:49:23.872Z] [hosting][populate queue][FINAL] {"max":1845,"min":1845,"avg":1845,"active":0,"complete":1,"success":1,"errored":0,"retried":0,"total":1,"elapsed":1845}
[debug] [2022-08-03T07:49:23.872Z] [hosting] uploads queued: 0
[debug] [2022-08-03T07:49:23.872Z] [hosting][upload queue][FINAL] {"max":0,"min":9999999999,"avg":0,"active":0,"complete":0,"success":0,"errored":0,"retried":0,"total":0,"elapsed":1659512963872}
[info] +  hosting[blood2-b187c]: file upload complete 
[debug] [2022-08-03T07:49:23.873Z] [hosting] deploy completed after 1922ms
[debug] [2022-08-03T07:49:23.877Z] [
  {
    "config": {
      "public": "public",
      "ignore": [
        "firebase.json",
        "**/.*",
        "**/node_modules/**"
      ],
      "site": "blood2-b187c"
    },
    "site": "blood2-b187c",
    "version": "projects/282084078348/sites/blood2-b187c/versions/a74ede1bcd1441f0"
  }
]
[info] i  hosting[blood2-b187c]: finalizing version... 
[debug] [2022-08-03T07:49:23.878Z] >>> [apiv2][query] PATCH https://firebasehosting.googleapis.com/v1beta1/projects/282084078348/sites/blood2-b187c/versions/a74ede1bcd1441f0 updateMask=status%2Cconfig
[debug] [2022-08-03T07:49:23.879Z] >>> [apiv2][body] PATCH https://firebasehosting.googleapis.com/v1beta1/projects/282084078348/sites/blood2-b187c/versions/a74ede1bcd1441f0 {"status":"FINALIZED","config":{}}
[debug] [2022-08-03T07:49:25.628Z] <<< [apiv2][status] PATCH https://firebasehosting.googleapis.com/v1beta1/projects/282084078348/sites/blood2-b187c/versions/a74ede1bcd1441f0 200
[debug] [2022-08-03T07:49:25.628Z] <<< [apiv2][body] PATCH https://firebasehosting.googleapis.com/v1beta1/projects/282084078348/sites/blood2-b187c/versions/a74ede1bcd1441f0 {"name":"projects/282084078348/sites/blood2-b187c/versions/a74ede1bcd1441f0","status":"FINALIZED","config":{},"labels":{"deployment-tool":"cli-firebase"},"createTime":"2022-08-03T07:49:25.247640Z","createUser":{"email":"mpreethi20021@gmail.com"},"finalizeTime":"2022-08-03T07:49:29.202888Z","finalizeUser":{"email":"mpreethi20021@gmail.com"}}
[debug] [2022-08-03T07:49:25.628Z] [hosting] finalized version for blood2-b187c:[object Object]
[info] +  hosting[blood2-b187c]: version finalized 
[info] i  hosting[blood2-b187c]: releasing new version... 
[debug] [2022-08-03T07:49:25.629Z] >>> [apiv2][query] POST https://firebasehosting.googleapis.com/v1beta1/projects/282084078348/sites/blood2-b187c/releases versionName=projects%2F282084078348%2Fsites%2Fblood2-b187c%2Fversions%2Fa74ede1bcd1441f0
[debug] [2022-08-03T07:49:25.630Z] >>> [apiv2][body] POST https://firebasehosting.googleapis.com/v1beta1/projects/282084078348/sites/blood2-b187c/releases {"message":null}
